<?xml version="1.0" encoding="UTF-8"?>
<!-- Generated by org.testng.reporters.JUnitReportReporter -->
<testsuite hostname="DESKTOP-T1LF6NB" failures="0" tests="1" name="BaseLibrary.baselibrary" time="9.347" errors="0" timestamp="2024-08-01T22:09:54 IST" skipped="0">
  <testcase classname="BaseLibrary.baselibrary" name="test1" time="9.347"/>
  <system-out/>
</testsuite> <!-- BaseLibrary.baselibrary -->
